03.04.2023 - 01:23:22 - [TAB v3.3.2] Something just tried to add player ItzOverWolf into team EItzOverWolf (expected team: ?A)
03.04.2023 - 03:31:24 - [TAB v3.3.2] Something just tried to add player ItzOverWolf into team EItzOverWolf (expected team: ;A)
03.04.2023 - 17:06:15 - [TAB v3.3.2] Something just tried to add player ItzOverWolf into team EItzOverWolf (expected team: 1A)
04.04.2023 - 11:48:42 - [TAB v3.3.2] Something just tried to add player ItzOverWolf into team EItzOverWolf (expected team: 1A)
04.04.2023 - 11:51:42 - [TAB v3.3.2] Something just tried to add player ItzOverWolf into team EItzOverWolf (expected team: 1A)
04.04.2023 - 02:46:37 - [TAB v3.3.2] Something just tried to add player ItzOverWolf into team EItzOverWolf (expected team: 1A)
08.09.2024 - 15:43:19 - [TAB v4.1.8] Blocked attempt to add player MrRavi into team PVP-9102234e50be (expected team: 6MrRaviA)
08.09.2024 - 15:43:19 - [TAB v4.1.8] Blocked attempt to add player Smaayloo into team PVP-5b4e41c775df (expected team: 6SmaaylooA)
10.09.2024 - 16:01:51 - [TAB v4.1.8] Blocked attempt to add player MrRavi into team PVP-9102234e50be (expected team: 6MrRaviA)
10.09.2024 - 16:01:51 - [TAB v4.1.8] Blocked attempt to add player Smaayloo into team PVP-5b4e41c775df (expected team: 6SmaaylooA)
15.09.2024 - 07:50:18 - [TAB v4.1.8] Blocked attempt to add player Smaayloo into team PVP-5b4e41c775df (expected team: 6SmaaylooA)
15.09.2024 - 07:50:18 - [TAB v4.1.8] Blocked attempt to add player MrRavi into team PVP-9102234e50be (expected team: 6MrRaviA)
15.09.2024 - 07:50:58 - [TAB v4.1.8] Blocked attempt to add player Smaayloo into team PVP-5b4e41c775df (expected team: 6SmaaylooA)
15.09.2024 - 07:50:58 - [TAB v4.1.8] Blocked attempt to add player MrRavi into team PVP-9102234e50be (expected team: 6MrRaviA)
21.09.2024 - 06:26:00 - [TAB v4.1.8] Blocked attempt to add player Smaayloo into team PVP-5b4e41c775df (expected team: 6SmaaylooA)
21.09.2024 - 06:26:00 - [TAB v4.1.8] Blocked attempt to add player zingo into team PVP-da59ffe0ea8b (expected team: 6zingoA)
21.09.2024 - 06:26:10 - [TAB v4.1.8] Blocked attempt to add player Smaayloo into team PVP-5b4e41c775df (expected team: 6SmaaylooA)
21.09.2024 - 06:26:10 - [TAB v4.1.8] Blocked attempt to add player zingo into team PVP-da59ffe0ea8b (expected team: 6zingoA)
21.09.2024 - 06:26:35 - [TAB v4.1.8] Blocked attempt to add player Smaayloo into team PVP-5b4e41c775df (expected team: 6SmaaylooA)
21.09.2024 - 06:26:35 - [TAB v4.1.8] Blocked attempt to add player zingo into team PVP-da59ffe0ea8b (expected team: 6zingoA)
21.09.2024 - 06:26:54 - [TAB v4.1.8] Blocked attempt to add player Smaayloo into team PVP-5b4e41c775df (expected team: 6SmaaylooA)
21.09.2024 - 06:46:19 - [TAB v4.1.8] Blocked attempt to add player zingo into team PVP-da59ffe0ea8b (expected team: 6zingoA)
21.09.2024 - 06:46:19 - [TAB v4.1.8] Blocked attempt to add player Smaayloo into team PVP-5b4e41c775df (expected team: 6SmaaylooA)
21.09.2024 - 06:50:55 - [TAB v4.1.8] Blocked attempt to add player zingo into team PVP-da59ffe0ea8b (expected team: 6zingoA)
21.09.2024 - 06:50:55 - [TAB v4.1.8] Blocked attempt to add player Smaayloo into team PVP-5b4e41c775df (expected team: 6SmaaylooA)
21.09.2024 - 06:51:10 - [TAB v4.1.8] Blocked attempt to add player zingo into team PVP-da59ffe0ea8b (expected team: 6zingoA)
21.09.2024 - 06:51:51 - [TAB v4.1.8] Blocked attempt to add player Smaayloo into team PVP-5b4e41c775df (expected team: 6SmaaylooA)
21.09.2024 - 07:15:26 - [TAB v4.1.8] Blocked attempt to add player zingo into team PVP-da59ffe0ea8b (expected team: 6zingoA)
21.09.2024 - 07:15:26 - [TAB v4.1.8] Blocked attempt to add player Smaayloo into team PVP-5b4e41c775df (expected team: 6SmaaylooA)
21.09.2024 - 10:55:36 - [TAB v4.1.8] Blocked attempt to add player zingo into team PVP-da59ffe0ea8b (expected team: 6zingoA)
21.09.2024 - 10:55:36 - [TAB v4.1.8] Blocked attempt to add player Smaayloo into team PVP-5b4e41c775df (expected team: 6SmaaylooA)
21.09.2024 - 10:56:53 - [TAB v4.1.8] Blocked attempt to add player zingo into team PVP-da59ffe0ea8b (expected team: 6zingoA)
21.09.2024 - 10:57:07 - [TAB v4.1.8] Blocked attempt to add player Smaayloo into team PVP-5b4e41c775df (expected team: 6SmaaylooA)
21.09.2024 - 10:57:07 - [TAB v4.1.8] Blocked attempt to add player zingo into team PVP-da59ffe0ea8b (expected team: 6zingoA)
21.09.2024 - 10:57:24 - [TAB v4.1.8] Blocked attempt to add player Smaayloo into team PVP-5b4e41c775df (expected team: 6SmaaylooA)
21.09.2024 - 10:57:24 - [TAB v4.1.8] Blocked attempt to add player zingo into team PVP-da59ffe0ea8b (expected team: 6zingoA)
21.09.2024 - 10:57:24 - [TAB v4.1.8] Blocked attempt to add player Smaayloo into team PVP-5b4e41c775df (expected team: 6SmaaylooA)
21.09.2024 - 10:58:06 - [TAB v4.1.8] Blocked attempt to add player Smaayloo into team PVP-5b4e41c775df (expected team: 6SmaaylooA)
21.09.2024 - 10:58:28 - [TAB v4.1.8] Blocked attempt to add player zingo into team PVP-da59ffe0ea8b (expected team: 6zingoA)
21.09.2024 - 10:58:28 - [TAB v4.1.8] Blocked attempt to add player Smaayloo into team PVP-5b4e41c775df (expected team: 6SmaaylooA)
21.09.2024 - 13:10:07 - [TAB v4.1.8] Blocked attempt to add player zingo into team PVP-da59ffe0ea8b (expected team: 6zingoA)
21.09.2024 - 13:10:07 - [TAB v4.1.8] Blocked attempt to add player Smaayloo into team PVP-5b4e41c775df (expected team: 6SmaaylooA)
22.09.2024 - 03:59:33 - [TAB v4.1.8] Blocked attempt to add player Smaayloo into team PVP-5b4e41c775df (expected team: 6SmaaylooA)
22.09.2024 - 03:59:33 - [TAB v4.1.8] Blocked attempt to add player zingo into team PVP-da59ffe0ea8b (expected team: 6zingoA)
22.09.2024 - 04:14:09 - [TAB v4.1.8] Blocked attempt to add player Smaayloo into team PVP-5b4e41c775df (expected team: 6SmaaylooA)
22.09.2024 - 04:14:09 - [TAB v4.1.8] Blocked attempt to add player zingo into team PVP-da59ffe0ea8b (expected team: 6zingoA)
22.09.2024 - 04:25:49 - [TAB v4.1.8] Blocked attempt to add player Smaayloo into team PVP-5b4e41c775df (expected team: 6SmaaylooA)
22.09.2024 - 04:25:49 - [TAB v4.1.8] Blocked attempt to add player zingo into team PVP-da59ffe0ea8b (expected team: 6zingoA)
22.09.2024 - 04:27:12 - [TAB v4.1.8] Blocked attempt to add player Smaayloo into team PVP-5b4e41c775df (expected team: 6SmaaylooA)
22.09.2024 - 04:36:02 - [TAB v4.1.8] Blocked attempt to add player zingo into team PVP-da59ffe0ea8b (expected team: 6zingoA)
22.09.2024 - 05:13:28 - [TAB v4.1.8] Blocked attempt to add player Smaayloo into team PVP-5b4e41c775df (expected team: 6SmaaylooA)
22.09.2024 - 05:26:23 - [TAB v4.1.8] Blocked attempt to add player zingo into team PVP-da59ffe0ea8b (expected team: 6zingoA)
22.09.2024 - 05:34:14 - [TAB v4.1.8] Blocked attempt to add player Smaayloo into team PVP-5b4e41c775df (expected team: 6SmaaylooA)
22.09.2024 - 05:34:45 - [TAB v4.1.8] Blocked attempt to add player zingo into team PVP-da59ffe0ea8b (expected team: 6zingoA)
22.09.2024 - 07:57:47 - [TAB v4.1.8] Blocked attempt to add player zingo into team PVP-da59ffe0ea8b (expected team: 6zingoA)
22.09.2024 - 07:57:47 - [TAB v4.1.8] Blocked attempt to add player Smaayloo into team PVP-5b4e41c775df (expected team: 6SmaaylooA)
22.09.2024 - 07:58:08 - [TAB v4.1.8] Blocked attempt to add player zingo into team PVP-da59ffe0ea8b (expected team: 6zingoA)
22.09.2024 - 08:00:58 - [TAB v4.1.8] Blocked attempt to add player Smaayloo into team PVP-5b4e41c775df (expected team: 6SmaaylooA)
22.09.2024 - 08:00:58 - [TAB v4.1.8] Blocked attempt to add player zingo into team PVP-da59ffe0ea8b (expected team: 6zingoA)
22.09.2024 - 08:01:39 - [TAB v4.1.8] Blocked attempt to add player Smaayloo into team PVP-5b4e41c775df (expected team: 6SmaaylooA)
22.09.2024 - 08:01:39 - [TAB v4.1.8] Blocked attempt to add player zingo into team PVP-da59ffe0ea8b (expected team: 6zingoA)
22.09.2024 - 08:02:43 - [TAB v4.1.8] Blocked attempt to add player Smaayloo into team PVP-5b4e41c775df (expected team: 6SmaaylooA)
22.09.2024 - 08:03:25 - [TAB v4.1.8] Blocked attempt to add player zingo into team PVP-da59ffe0ea8b (expected team: 6zingoA)
22.09.2024 - 08:23:00 - [TAB v4.1.8] Blocked attempt to add player Smaayloo into team PVP-5b4e41c775df (expected team: 6SmaaylooA)
22.09.2024 - 08:23:00 - [TAB v4.1.8] Blocked attempt to add player zingo into team PVP-da59ffe0ea8b (expected team: 6zingoA)
