05:09 MrRavi    : bol
05:09 MrRavi    : ?
05:09 MrRavi    : na
05:09 MrRavi    : ha
05:12 Smaayloo placed suspicious WATER_BUCKET @ world: x-1069, z-1762
05:37 Smaayloo placed suspicious WATER_BUCKET @ world: x-1292, z-1725
05:45 Smaayloo placed suspicious WATER_BUCKET @ world: x-1069, z-1762
06:04 Smaayloo placed suspicious WATER_BUCKET @ world: x-1052, z-1754
06:25 Smaayloo placed suspicious WATER_BUCKET @ world: x-1054, z-1748
10:41 zingo     : )home
10:43 Smaayloo placed suspicious WATER_BUCKET @ world: x-1075, z-1744
10:47 Smaayloo placed suspicious WATER_BUCKET @ world: x-1066, z-1740
10:47 Smaayloo placed suspicious WATER_BUCKET @ world: x-1076, z-1751
10:47 zingo placed suspicious WATER_BUCKET @ world: x-1057, z-1743
10:47 Smaayloo placed suspicious WATER_BUCKET @ world: x-1063, z-1743
10:47 Smaayloo placed suspicious WATER_BUCKET @ world: x-1066, z-1740
10:47 zingo placed suspicious WATER_BUCKET @ world: x-1061, z-1737
10:49 zingo placed suspicious WATER_BUCKET @ world: x-1059, z-1737
10:51 zingo placed suspicious WATER_BUCKET @ world: x-1052, z-1753
10:51 Smaayloo placed suspicious WATER_BUCKET @ world: x-1052, z-1750
10:51 Smaayloo placed suspicious WATER_BUCKET @ world: x-1055, z-1750
10:58 zingo placed suspicious WATER_BUCKET @ world: x-1161, z-1772
11:06 zingo     : )shop
11:20 zingo     : shop
11:20 zingo     : )shop
11:34 Smaayloo placed suspicious WATER_BUCKET @ world: x-1073, z-1758
11:37 Smaayloo placed suspicious WATER_BUCKET @ world: x-1073, z-1752
11:46 zingo     : shop
11:59 zingo placed suspicious WATER_BUCKET @ world: x-1054, z-1756
12:11 zingo placed suspicious WATER_BUCKET @ world: x-1052, z-1755
12:13 zingo placed suspicious WATER_BUCKET @ world: x-1040, z-1753
12:22 Smaayloo placed suspicious WATER_BUCKET @ world: x-1059, z-1775
12:35 Smaayloo placed suspicious WATER_BUCKET @ world: x-1066, z-1747
12:52 Smaayloo placed suspicious WATER_BUCKET @ world: x-1065, z-1764
13:04 zingo placed suspicious WATER_BUCKET @ world: x-1048, z-1809
13:28 Smaayloo placed suspicious WATER_BUCKET @ world: x-1052, z-1756
