02:40 Smaayloo placed suspicious WATER_BUCKET @ world: x-1053, z-1756
02:50 Smaayloo placed suspicious WATER_BUCKET @ world: x-1053, z-1756
02:50 Smaayloo placed suspicious WATER_BUCKET @ world: x-1053, z-1756
02:51 Smaayloo placed suspicious WATER_BUCKET @ world: x-1029, z-1773
02:51 Smaayloo placed suspicious WATER_BUCKET @ world: x-1054, z-1756
03:02 Smaayloo placed suspicious WATER_BUCKET @ world: x-1065, z-1761
03:02 Smaayloo placed suspicious WATER_BUCKET @ world: x-1065, z-1764
03:04 Smaayloo placed suspicious WATER_BUCKET @ world: x-1053, z-1756
03:22 Smaayloo placed suspicious WATER_BUCKET @ world: x-1052, z-1756
03:47 Smaayloo placed suspicious WATER_BUCKET @ world: x-1053, z-1756
03:49 Smaayloo placed suspicious WATER_BUCKET @ world: x-1055, z-1756
03:51 Smaayloo  : rail hse sell kri nakkh
03:58 Smaayloo placed suspicious WATER_BUCKET @ world: x-1052, z-1756
03:59 zingo placed suspicious WATER_BUCKET @ world: x-1054, z-1779
03:59 Smaayloo placed suspicious WATER_BUCKET @ world: x-1053, z-1778
04:00 Smaayloo  : kudi ja pani che
04:01 Smaayloo  : 9x9
04:05 zingo     : hu sidho home ma jav chhu
04:06 Smaayloo  : ohk
04:09 zingo     : kya chho??
04:10 zingo     : where where
04:10 Smaayloo  : mri ghare aav
04:11 zingo     : kham Haji 10-15 minute ma aavu
04:13 Smaayloo placed suspicious WATER_BUCKET @ world: x-1065, z-1806
04:18 Smaayloo  :  placed a sign @ world: x-1069, z-1794
  ssss
04:19 Smaayloo  : hopper layav
04:20 zingo     : kya day jaav
04:21 Smaayloo  : chest b layaav j
04:24 Smaayloo  : hopper
04:24 zingo     : aaypa
04:26 zingo     : hopprr de
04:26 Smaayloo  : chest shop mathi lidhi che?
04:26 zingo     : na
04:31 Smaayloo placed suspicious WATER_BUCKET @ world: x-1054, z-1761
04:31 Smaayloo placed suspicious WATER_BUCKET @ world: x-1065, z-1806
04:36 zingo     : shu thayu
04:37 Smaayloo  :  placed a sign @ world: x-1065, z-1798
  ss
04:37 zingo     : dhruv nathi banavvu
04:37 zingo     : ??
04:37 Smaayloo  : are direaction khoti hti
04:38 zingo     : hmm
04:39 Smaayloo  :  placed a sign @ world: x-1062, z-1794
  w
04:42 Smaayloo  :  placed a sign @ world: x-1065, z-1790
  a
04:56 zingo     : hu Karu kham Mane aap
04:57 Smaayloo  : kem
04:58 Smaayloo  : thy to gyu
04:59 zingo     : aavdo aa chest ma nathi aavatu jeni mathe u ubho chu
04:59 Smaayloo  : pelu chest full thse n pachi aavse
04:59 zingo     : hmm samjaj gyi
05:00 Smaayloo  : ohk
05:00 Smaayloo placed suspicious WATER_BUCKET @ world: x-1053, z-1757
05:01 zingo     : Mane aap
05:03 Smaayloo  : karidi lv n spowner
05:03 Smaayloo  : 125k
05:03 zingo     : hmm
05:03 Smaayloo  : skeleton
05:03 Smaayloo  : ?
05:03 zingo     : aem nay aapde baar Kem jasi
05:03 zingo     : aayathi to zombie hase
05:03 Smaayloo  : tu pela ma ja
05:04 zingo     : chest pahe
05:04 Smaayloo  : ha
05:04 Smaayloo  : ty todi n srkho pochi ja
05:04 Smaayloo  : ane kodinets na ss ly le
05:04 Smaayloo  : pochi gyo n?
05:04 zingo     : ha
05:05 Smaayloo  : codinets no ss ly lidho?
05:05 Smaayloo  : lights to hle n?
05:07 zingo     : shu thyu
05:07 Smaayloo  : jo aave aetle k j
05:07 Smaayloo  : spawn to thava mndya
05:07 zingo     : ha
05:07 zingo     : aayvo to namuno
05:08 Smaayloo  : aave che?
05:08 zingo     : ha
05:13 Smaayloo  : tya jaja badha spwner lagadi dy to ?
05:14 zingo     : ohhhhheeey
05:14 Smaayloo  : hale n ?
05:14 zingo     : hal hal e j kari
05:16 Smaayloo  : stair banaav
05:17 zingo     : setting la jay ne daynamic light on Kari nakha
05:17 zingo     : daynamic light on karinakh
05:17 Smaayloo  : e ny aavadtu
05:17 Smaayloo  : tare andharu che?
05:18 zingo     : na
05:18 zingo     : setting ma jay video satting ma dayminc light hase
05:19 Smaayloo  : nathi
05:19 zingo     : daynamic pov nay
05:19 zingo     : nathi aavtu ok
05:27 Smaayloo  : stair
05:27 Smaayloo placed suspicious WATER_BUCKET @ world: x-1050, z-1749
05:27 Smaayloo placed suspicious WATER_BUCKET @ world: x-1050, z-1749
05:30 Smaayloo  : slab
05:31 Smaayloo  : slab
05:32 Smaayloo  :  placed a sign @ world: x-1051, z-1746
  d
05:33 Smaayloo  :  placed a sign @ world: x-1050, z-1746
  XP Farm
05:34 Smaayloo  :  placed a sign @ world: x-1050, z-1746
  XP Farm
05:34 zingo     : tu ram hu pachhi ramis
05:34 Smaayloo  :  placed a sign @ world: x-1050, z-1746
  XP FARM
05:44 Smaayloo placed suspicious WATER_BUCKET @ world: x-1054, z-1756
05:46 Smaayloo placed suspicious WATER_BUCKET @ world: x-1054, z-1756
05:48 Smaayloo placed suspicious WATER_BUCKET @ world: x-1054, z-1756
05:55 Smaayloo placed suspicious WATER_BUCKET @ world: x-1053, z-1756
06:01 Smaayloo placed suspicious WATER_BUCKET @ world: x-1050, z-1749
06:01 Smaayloo placed suspicious WATER_BUCKET @ world: x-1051, z-1748
06:01 Smaayloo placed suspicious WATER_BUCKET @ world: x-1050, z-1750
06:07 Smaayloo placed suspicious WATER_BUCKET @ world: x-1053, z-1756
06:19 Smaayloo placed suspicious WATER_BUCKET @ world: x-1054, z-1755
06:24 Smaayloo placed suspicious WATER_BUCKET @ world: x-1050, z-1756
06:28 Smaayloo placed suspicious WATER_BUCKET @ world: x-1053, z-1755
08:02 Smaayloo placed suspicious WATER_BUCKET @ world: x-1183, z-1707
08:23 Smaayloo  : observer
