15:18 MrRavi    : aya /sethome kari nakh
15:18 MrRavi    : pachhi jyaare pachho av tyare /home karvanu
15:19 Smaayloo  : e km thay
15:19 MrRavi    : uparno msg vach
15:19 MrRavi    : hey
15:19 Smaayloo  : bol
15:20 MrRavi    : tu sada wood leto av
15:20 Smaayloo  : ohk sir
15:20 MrRavi    : thanku
15:20 Smaayloo  : chest ma che ho oek block 1 stake
15:20 Smaayloo  : use kri nakhyu te
15:21 MrRavi    : ha
15:22 Smaayloo placed suspicious WATER_BUCKET @ world: x-980, z-1734
15:26 Smaayloo  : hji layavu?
15:26 MrRavi    : haha bov jose
15:26 Smaayloo  : ohk
15:30 Smaayloo placed suspicious WATER_BUCKET @ world: x-998, z-1713
15:30 Smaayloo placed suspicious WATER_BUCKET @ world: x-1012, z-1726
15:31 Smaayloo placed suspicious WATER_BUCKET @ world: x-1033, z-1748
15:32 Smaayloo  : 1stake chest ma che
15:32 Smaayloo  : haji ketla stake layavu
15:32 Smaayloo  : dodh stake che
15:32 MrRavi    : ok done
15:33 Smaayloo placed suspicious WATER_BUCKET @ world: x-1062, z-1759
15:33 Smaayloo placed suspicious WATER_BUCKET @ world: x-1062, z-1780
15:34 Smaayloo placed suspicious WATER_BUCKET @ world: x-1062, z-1781
15:34 Smaayloo placed suspicious WATER_BUCKET @ world: x-1071, z-1761
15:34 Smaayloo placed suspicious WATER_BUCKET @ world: x-1070, z-1761
15:34 Smaayloo placed suspicious WATER_BUCKET @ world: x-1062, z-1759
15:34 Smaayloo placed suspicious WATER_BUCKET @ world: x-1062, z-1759
15:34 Smaayloo placed suspicious WATER_BUCKET @ world: x-1062, z-1781
15:35 Smaayloo placed suspicious WATER_BUCKET @ world: x-1067, z-1774
15:37 Smaayloo placed suspicious WATER_BUCKET @ world: x-1071, z-1771
15:37 Smaayloo placed suspicious WATER_BUCKET @ world: x-1073, z-1771
15:37 MrRavi    : bol
15:38 Smaayloo  : mlg?
15:39 Smaayloo placed suspicious WATER_BUCKET @ world: x-1071, z-1761
15:39 Smaayloo placed suspicious WATER_BUCKET @ world: x-1068, z-1766
15:40 Smaayloo  : HU SU KRU ?
15:40 Smaayloo  : dodh stake pdyu che oek nu
15:40 MrRavi    : ha
15:40 Smaayloo placed suspicious WATER_BUCKET @ world: x-1071, z-1756
15:41 Smaayloo placed suspicious WATER_BUCKET @ world: x-1070, z-1756
15:41 Smaayloo  : su ha k su kru?
15:41 MrRavi    : mining ma vayo ja]
15:41 Smaayloo  : diamond leva vyo jav
15:41 MrRavi    : ha
15:41 Smaayloo  : 12 lava bucket leto aavu
15:42 MrRavi    : ha
15:45 MrRavi    : bed leto gyo chho?
15:47 Smaayloo  : ravi mari pse aav
15:47 Smaayloo  : tari pse tp no keto mne
15:49 MrRavi    : accept kar
15:50 MrRavi    : joje mamara bharay jase
15:50 Smaayloo  : su krvu che?
15:51 Smaayloo  : aek kaam kri jroori samaan muki n pacha aavi
15:51 MrRavi    : ha
15:51 Smaayloo  : khm tu ja ane pacho aav
15:51 Smaayloo  : mara samman tne dy dv
15:52 MrRavi    : ha
15:52 Smaayloo  : ubho re
15:52 Smaayloo  : pacho aav
15:52 MrRavi    : ha nathi jato haji
15:53 Smaayloo  : badhi lva bucket bhri lv
15:53 MrRavi    : redstone lova gyo to
15:53 Smaayloo  : bucket aap
15:53 Smaayloo  : 3 bucket aap n
15:54 MrRavi    : 2 lava bucet chhe empty ekay nathi
15:54 Smaayloo  : me are banavi n aam empty m
15:55 MrRavi    : re cordinate lai lav
15:55 Smaayloo  : han
15:55 MrRavi    : done
15:55 Smaayloo  : pela bucket banavi d n iron aapi didhu tne me
15:56 MrRavi    : ketali bucet joy chhe?
15:56 Smaayloo  : 3
15:58 MrRavi    : ready
15:58 Smaayloo  : picx dene mitr
15:58 MrRavi    : pan mane to de
15:58 MrRavi    : hu upar jav chhu
15:58 Smaayloo  : na bucket leto ja
15:58 Smaayloo  : aapu ahi lava pool che
15:59 MrRavi    : ok
16:00 Smaayloo  : aale
16:00 Smaayloo  : kya cho?
16:00 MrRavi    : loda picaxe nathi wood thi todine avu chhu
16:01 Smaayloo  : are
16:01 MrRavi    : thanku
16:01 MrRavi    : tane pachhu ave chhe dur jaine kar
16:02 MrRavi    : done?
16:02 Smaayloo  : picx
16:02 Smaayloo  : aek deto ja
16:02 Smaayloo  : tu ?
16:02 MrRavi    : hal hu upar jav
16:02 Smaayloo  : tu su kri picx vgr
16:03 MrRavi    : jadu
16:03 Smaayloo  : ha ha ha
16:03 Smaayloo  : food thodu leto aav j
16:04 MrRavi    : saru hal hu jav kale ramasu have
16:04 Smaayloo  : ohk
16:04 MrRavi    : server chalu j rese
16:04 MrRavi    : by
16:05 Smaayloo  : hoon ahi thi j leave thaav chu
