05:24 MrRavi    : hey
15:14 MrRavi    : sleep
15:17 Smaayloo  : ravi mri pse tp le
15:18 Smaayloo  : lodaaaaaaaaa
15:23 Smaayloo  : aato tara nagay che
15:23 MrRavi    : em
15:23 Smaayloo  : su em
15:23 Smaayloo  : aa to khotu kevay
15:23 Smaayloo  : mne underground aolu malyu tu
15:24 MrRavi    : saru
15:24 Smaayloo  : rail nu no hoy e ane te tp kri nakhyo
15:24 Smaayloo  : tne m kidhu tu mari pse aav m
15:27 Smaayloo placed suspicious WATER_BUCKET @ world: x-1051, z-1879
15:28 Smaayloo  : ravi tara bed pase jldi tp kr n
15:31 Smaayloo placed suspicious WATER_BUCKET @ world: x-1068, z-1821
15:32 Smaayloo placed suspicious WATER_BUCKET @ world: x-1088, z-1767
15:34 MrRavi    : su he ela
15:34 Smaayloo  : durt aap
15:34 MrRavi    : lay lene bije thi
15:35 MrRavi    : grass clear kari nakh'
15:35 Smaayloo placed suspicious WATER_BUCKET @ world: x-1070, z-1770
15:36 Smaayloo placed suspicious WATER_BUCKET @ world: x-1070, z-1752
15:36 Smaayloo placed suspicious WATER_BUCKET @ world: x-1079, z-1754
15:36 Smaayloo placed suspicious WATER_BUCKET @ world: x-1079, z-1754
15:36 Smaayloo placed suspicious WATER_BUCKET @ world: x-1082, z-1760
15:36 Smaayloo placed suspicious WATER_BUCKET @ world: x-1084, z-1749
15:36 Smaayloo placed suspicious WATER_BUCKET @ world: x-1080, z-1768
15:36 Smaayloo placed suspicious WATER_BUCKET @ world: x-1081, z-1767
15:37 MrRavi    : oy oak and birch log cut karine leto av 5-10 stack
15:37 Smaayloo  : ohk sir [n hoon ahi place ny kri sakto
15:37 Smaayloo  : te occupide kri lidhu che ?
15:38 MrRavi    : have goto
15:38 MrRavi    : joto
15:38 MrRavi    : wait
15:39 MrRavi    : thay chhe?
15:39 MrRavi    : sui jane
15:41 Smaayloo placed suspicious WATER_BUCKET @ world: x-1053, z-1727
15:41 MrRavi    : ela birch ane oak
15:42 Smaayloo  : birtch aetle?
15:42 Smaayloo  : aamathi oak ny bani jay ?
15:43 MrRavi    : white
15:51 Smaayloo placed suspicious WATER_BUCKET @ world: x-1069, z-1761
15:51 Smaayloo placed suspicious WATER_BUCKET @ world: x-1069, z-1761
15:51 Smaayloo placed suspicious WATER_BUCKET @ world: x-1071, z-1761
15:52 Smaayloo placed suspicious WATER_BUCKET @ world: x-1067, z-1761
16:00 MrRavi    : MrRavi
