[15/09/2024 07:33:27] MrRavi won Diamond Helmet (ID: diamond_helmet, Weight: 25.0) from Wild Crate (ID: wild)
[15/09/2024 07:33:33] MrRavi won Iron Axe (ID: iron_axe, Weight: 25.0) from Vote Crate (ID: vote)
[15/09/2024 07:33:35] MrRavi won Water Bucket (ID: water_bucket, Weight: 25.0) from Vote Crate (ID: vote)
[15/09/2024 07:33:45] MrRavi won Ender Pearl (ID: ender_pearl, Weight: 25.0) from Vote Crate (ID: vote)
[15/09/2024 07:33:45] MrRavi won Chainmail Chestplate (ID: chainmail_chestplate, Weight: 25.0) from Vote Crate (ID: vote)
[15/09/2024 07:33:50] MrRavi won Iron Shovel (ID: iron_shovel, Weight: 25.0) from Vote Crate (ID: vote)
[15/09/2024 07:34:12] MrRavi won Netherite Shovel (ID: netherite_shovel, Weight: 25.0) from Insane Crate (ID: insane)
[15/09/2024 07:34:22] MrRavi won Totem of Undying (ID: totem_of_undying, Weight: 25.0) from Insane Crate (ID: insane)
[15/09/2024 07:34:26] MrRavi won Netherite Helmet (ID: netherite_helmet, Weight: 25.0) from Insane Crate (ID: insane)
[15/09/2024 07:34:46] MrRavi won Music Disc (ID: music_disc1, Weight: 25.0) from Vote Crate (ID: vote)
[15/09/2024 07:34:46] MrRavi won Music Disc (ID: music_disc, Weight: 25.0) from Vote Crate (ID: vote)
[15/09/2024 07:34:46] MrRavi won Spyglass (ID: spyglass, Weight: 25.0) from Vote Crate (ID: vote)
[15/09/2024 07:34:47] MrRavi won Diamond Pickaxe (ID: diamond_pickaxe, Weight: 25.0) from Vote Crate (ID: vote)
[15/09/2024 07:34:47] MrRavi won Iron Shovel (ID: iron_shovel, Weight: 25.0) from Vote Crate (ID: vote)
[15/09/2024 07:34:47] MrRavi won Iron Sword (ID: iron_sword, Weight: 25.0) from Vote Crate (ID: vote)
[15/09/2024 07:34:47] MrRavi won Brush (ID: brush, Weight: 25.0) from Vote Crate (ID: vote)
[15/09/2024 07:34:48] MrRavi won Chainmail Helmet (ID: chainmail_helmet, Weight: 25.0) from Vote Crate (ID: vote)
[15/09/2024 07:34:48] MrRavi won Spyglass (ID: spyglass, Weight: 25.0) from Vote Crate (ID: vote)
[15/09/2024 07:34:48] MrRavi won Brush (ID: brush, Weight: 25.0) from Vote Crate (ID: vote)
[15/09/2024 07:34:49] MrRavi won Music Disc (ID: music_disc1, Weight: 25.0) from Vote Crate (ID: vote)
[15/09/2024 07:34:49] MrRavi won Spyglass (ID: spyglass, Weight: 25.0) from Vote Crate (ID: vote)
